Unity Editor version:    2021.3.12f1 (8af3c3e441b1)
Branch:                  2021.3/release
Build type:              Release
Batch mode:              YES
macOS version:           Version 13.0 (Build 22A380)
Darwin version:          22.1.0
Architecture:            x86_64
Running under Rosetta:   NO
Available memory:        8192 MB
Using pre-set license
Pro License: YES

COMMAND LINE ARGUMENTS:
/Applications/Unity/Hub/Editor/2021.3.12f1/Unity.app/Contents/MacOS/Unity
-adb2
-batchMode
-noUpm
-name
AssetImportWorker0
-projectPath
/Users/elliotsamuelcollis/GameFiles/Shmup
-logFile
Logs/AssetImportWorker0.log
-srvPort
60847
Successfully changed project path to: /Users/elliotsamuelcollis/GameFiles/Shmup
/Users/elliotsamuelcollis/GameFiles/Shmup
[UnityMemory] Configuration Parameters - Can be set up in boot.config
    "memorysetup-bucket-allocator-granularity=16"
    "memorysetup-bucket-allocator-bucket-count=8"
    "memorysetup-bucket-allocator-block-size=33554432"
    "memorysetup-bucket-allocator-block-count=8"
    "memorysetup-main-allocator-block-size=16777216"
    "memorysetup-thread-allocator-block-size=16777216"
    "memorysetup-gfx-main-allocator-block-size=16777216"
    "memorysetup-gfx-thread-allocator-block-size=16777216"
    "memorysetup-cache-allocator-block-size=4194304"
    "memorysetup-typetree-allocator-block-size=2097152"
    "memorysetup-profiler-bucket-allocator-granularity=16"
    "memorysetup-profiler-bucket-allocator-bucket-count=8"
    "memorysetup-profiler-bucket-allocator-block-size=33554432"
    "memorysetup-profiler-bucket-allocator-block-count=8"
    "memorysetup-profiler-allocator-block-size=16777216"
    "memorysetup-profiler-editor-allocator-block-size=1048576"
    "memorysetup-temp-allocator-size-main=16777216"
    "memorysetup-job-temp-allocator-block-size=2097152"
    "memorysetup-job-temp-allocator-block-size-background=1048576"
    "memorysetup-job-temp-allocator-reduction-small-platforms=262144"
    "memorysetup-temp-allocator-size-background-worker=32768"
    "memorysetup-temp-allocator-size-job-worker=262144"
    "memorysetup-temp-allocator-size-preload-manager=33554432"
    "memorysetup-temp-allocator-size-nav-mesh-worker=65536"
    "memorysetup-temp-allocator-size-audio-worker=65536"
    "memorysetup-temp-allocator-size-cloud-worker=32768"
    "memorysetup-temp-allocator-size-gi-baking-worker=262144"
    "memorysetup-temp-allocator-size-gfx=262144"
Refreshing native plugins compatible for Editor in 141.66 ms, found 2 plugins.
Preloading 0 native plugins for Editor in 0.00 ms.
Initialize engine version: 2021.3.12f1 (8af3c3e441b1)
[Subsystems] Discovering subsystems at path /Applications/Unity/Hub/Editor/2021.3.12f1/Unity.app/Contents/Resources/UnitySubsystems
[Subsystems] Discovering subsystems at path /Users/elliotsamuelcollis/GameFiles/Shmup/Assets
GfxDevice: creating device client; threaded=0; jobified=0
Color LCD preferred device: Intel(R) Iris(TM) Plus Graphics (low power)
Metal devices available: 1
0: Intel(R) Iris(TM) Plus Graphics (low power)
Using device Intel(R) Iris(TM) Plus Graphics (low power)
Initializing Metal device caps: Intel(R) Iris(TM) Plus Graphics
Initialize mono
Mono path[0] = '/Applications/Unity/Hub/Editor/2021.3.12f1/Unity.app/Contents/Managed'
Mono path[1] = '/Applications/Unity/Hub/Editor/2021.3.12f1/Unity.app/Contents/MonoBleedingEdge/lib/mono/unityjit-macos'
Mono config path = '/Applications/Unity/Hub/Editor/2021.3.12f1/Unity.app/Contents/MonoBleedingEdge/etc'
Using monoOptions --debugger-agent=transport=dt_socket,embedding=1,server=y,suspend=n,address=127.0.0.1:56906
Begin MonoManager ReloadAssembly
Registering precompiled unity dll's ...
Register platform support module: /Applications/Unity/Hub/Editor/2021.3.12f1/Unity.app/Contents/PlaybackEngines/MacStandaloneSupport/UnityEditor.OSXStandalone.Extensions.dll
Register platform support module: /Applications/Unity/Hub/Editor/2021.3.12f1/PlaybackEngines/WindowsStandaloneSupport/UnityEditor.WindowsStandalone.Extensions.dll
Registered in 0.008929 seconds.
Native extension for WindowsStandalone target not found
Native extension for OSXStandalone target not found
Refreshing native plugins compatible for Editor in 70.04 ms, found 2 plugins.
Preloading 0 native plugins for Editor in 0.00 ms.
Mono: successfully reloaded assembly
- Completed reload, in  2.091 seconds
Domain Reload Profiling:
	ReloadAssembly (2092ms)
		BeginReloadAssembly (329ms)
			ExecutionOrderSort (0ms)
			DisableScriptedObjects (0ms)
			BackupInstance (0ms)
			ReleaseScriptingObjects (0ms)
			CreateAndSetChildDomain (2ms)
		EndReloadAssembly (1407ms)
			LoadAssemblies (331ms)
			RebuildTransferFunctionScriptingTraits (0ms)
			SetupTypeCache (404ms)
			ReleaseScriptCaches (0ms)
			RebuildScriptCaches (168ms)
			SetupLoadedEditorAssemblies (549ms)
				LogAssemblyErrors (0ms)
				InitializePlatformSupportModulesInManaged (18ms)
				SetLoadedEditorAssemblies (1ms)
				RefreshPlugins (70ms)
				BeforeProcessingInitializeOnLoad (4ms)
				ProcessInitializeOnLoadAttributes (350ms)
				ProcessInitializeOnLoadMethodAttributes (105ms)
				AfterProcessingInitializeOnLoad (0ms)
				EditorAssembliesLoaded (0ms)
			ExecutionOrderSort2 (0ms)
			AwakeInstancesAfterBackupRestoration (0ms)
Platform modules already initialized, skipping
Registering precompiled user dll's ...
Registered in 0.012039 seconds.
Begin MonoManager ReloadAssembly
Native extension for WindowsStandalone target not found
Native extension for OSXStandalone target not found
Refreshing native plugins compatible for Editor in 1.09 ms, found 2 plugins.
Preloading 0 native plugins for Editor in 0.00 ms.
Mono: successfully reloaded assembly
- Completed reload, in  3.152 seconds
Domain Reload Profiling:
	ReloadAssembly (3155ms)
		BeginReloadAssembly (257ms)
			ExecutionOrderSort (0ms)
			DisableScriptedObjects (14ms)
			BackupInstance (0ms)
			ReleaseScriptingObjects (0ms)
			CreateAndSetChildDomain (61ms)
		EndReloadAssembly (2360ms)
			LoadAssemblies (190ms)
			RebuildTransferFunctionScriptingTraits (0ms)
			SetupTypeCache (804ms)
			ReleaseScriptCaches (1ms)
			RebuildScriptCaches (162ms)
			SetupLoadedEditorAssemblies (1087ms)
				LogAssemblyErrors (0ms)
				InitializePlatformSupportModulesInManaged (12ms)
				SetLoadedEditorAssemblies (2ms)
				RefreshPlugins (1ms)
				BeforeProcessingInitializeOnLoad (168ms)
				ProcessInitializeOnLoadAttributes (811ms)
				ProcessInitializeOnLoadMethodAttributes (86ms)
				AfterProcessingInitializeOnLoad (6ms)
				EditorAssembliesLoaded (0ms)
			ExecutionOrderSort2 (0ms)
			AwakeInstancesAfterBackupRestoration (9ms)
Platform modules already initialized, skipping
========================================================================
Worker process is ready to serve import requests
Launching external process: /Applications/Unity/Hub/Editor/2021.3.12f1/Unity.app/Contents/Tools/UnityShaderCompiler
Launched and connected shader compiler UnityShaderCompiler after 0.18 seconds
Refreshing native plugins compatible for Editor in 0.50 ms, found 2 plugins.
Preloading 0 native plugins for Editor in 0.00 ms.
Unloading 1803 Unused Serialized files (Serialized files now loaded: 0)
Unloading 23 unused Assets / (40.6 KB). Loaded Objects now: 2273.
Memory consumption went from 47.1 MB to 47.0 MB.
Total: 8.022232 ms (FindLiveObjects: 0.290392 ms CreateObjectMapping: 0.229964 ms MarkObjects: 7.275260 ms  DeleteObjects: 0.224464 ms)

AssetImportParameters requested are different than current active one (requested -> active):
  custom:video-decoder-ogg-theora: a1e56fd34408186e4bbccfd4996cb3dc -> 
  custom:container-muxer-webm: aa71ff27fc2769a1b78a27578f13a17b -> 
  custom:container-demuxer-webm: 4f35f7cbe854078d1ac9338744f61a02 -> 
  custom:video-encoder-webm-vp8: eb34c28f22e8b96e1ab97ce403110664 -> 
  custom:framework-osx-AVFoundation: e770b220cccbd017edd2c1fefb359320 -> 
  custom:audio-encoder-webm-vorbis: bf7c407c2cedff20999df2af8eb42d56 -> 
  custom:container-demuxer-ogg: 62fdf1f143b41e24485cea50d1cbac27 -> 
  custom:video-decoder-webm-vp8: 9c59270c3fd7afecdb556c50c9e8de78 -> 
  custom:audio-decoder-ogg-vorbis: bf7c407c2cedff20999df2af8eb42d56 -> 
========================================================================
Received Import Request.
  Time since last request: 2540233.693735 seconds.
  path: Assets/Scenes/Game.unity
  artifactKey: Guid(2cda990e2423bbf4892e6590ba056729) Importer(815301076,1909f56bfc062723c751e8b465ee728b)
Start importing Assets/Scenes/Game.unity using Guid(2cda990e2423bbf4892e6590ba056729) Importer(815301076,1909f56bfc062723c751e8b465ee728b)  -> (artifact id: 'a30057a9c1f0cc198b23c30b9619af05') in 0.007634 seconds 
========================================================================
Received Import Request.
  Time since last request: 325.370521 seconds.
  path: Assets/Scripts
  artifactKey: Guid(f02898d87821fe1488be96a341bfce5c) Importer(815301076,1909f56bfc062723c751e8b465ee728b)
Start importing Assets/Scripts using Guid(f02898d87821fe1488be96a341bfce5c) Importer(815301076,1909f56bfc062723c751e8b465ee728b)  -> (artifact id: 'ca0eff1732c3f5619b9df272d8e4a074') in 0.020115 seconds 
========================================================================
Received Import Request.
  Time since last request: 0.246344 seconds.
  path: Assets/Scripts/Begin.cs
  artifactKey: Guid(12928fa7929c9af45a5cb44dda76f4ba) Importer(815301076,1909f56bfc062723c751e8b465ee728b)
Start importing Assets/Scripts/Begin.cs using Guid(12928fa7929c9af45a5cb44dda76f4ba) Importer(815301076,1909f56bfc062723c751e8b465ee728b)  -> (artifact id: 'c7b58d5ab40f0e1bd9d54828d904f31d') in 0.503967 seconds 
========================================================================
Received Import Request.
  Time since last request: 3.033414 seconds.
  path: Assets/Scripts/CanvasManager.cs
  artifactKey: Guid(8686ffde210f8a1478f2e180cc6b6600) Importer(815301076,1909f56bfc062723c751e8b465ee728b)
Start importing Assets/Scripts/CanvasManager.cs using Guid(8686ffde210f8a1478f2e180cc6b6600) Importer(815301076,1909f56bfc062723c751e8b465ee728b)  -> (artifact id: '4b60ef27d795aa9fb966e0d6e28c1063') in 0.002357 seconds 
========================================================================
Received Import Request.
  Time since last request: 0.977968 seconds.
  path: Assets/Scripts/DDOL.cs
  artifactKey: Guid(5f850fc3335428443a4bdc5e904f2934) Importer(815301076,1909f56bfc062723c751e8b465ee728b)
Start importing Assets/Scripts/DDOL.cs using Guid(5f850fc3335428443a4bdc5e904f2934) Importer(815301076,1909f56bfc062723c751e8b465ee728b)  -> (artifact id: '84e2bcbeb93e4458fe7c5b5af56fae36') in 0.002027 seconds 
========================================================================
Received Import Request.
  Time since last request: 2.171083 seconds.
  path: Assets/Scripts/DestroyByBoundary.cs
  artifactKey: Guid(fde4cb7cc3e22cd448884526114f733a) Importer(815301076,1909f56bfc062723c751e8b465ee728b)
Start importing Assets/Scripts/DestroyByBoundary.cs using Guid(fde4cb7cc3e22cd448884526114f733a) Importer(815301076,1909f56bfc062723c751e8b465ee728b)  -> (artifact id: '986fb118a076f4e41dc76ede5d41238c') in 0.002543 seconds 
========================================================================
Received Import Request.
  Time since last request: 2.324491 seconds.
  path: Assets/Scripts/EndScreen.cs
  artifactKey: Guid(9f7db0e8d5274b448b282723c1753f6d) Importer(815301076,1909f56bfc062723c751e8b465ee728b)
Start importing Assets/Scripts/EndScreen.cs using Guid(9f7db0e8d5274b448b282723c1753f6d) Importer(815301076,1909f56bfc062723c751e8b465ee728b)  -> (artifact id: '9936fd94ef35be478f0e25b6cff0e99d') in 0.003534 seconds 
========================================================================
Received Import Request.
  Time since last request: 1.027069 seconds.
  path: Assets/Scripts/Enemy.cs
  artifactKey: Guid(a0569c4786faa384083b4045a2c9e97a) Importer(815301076,1909f56bfc062723c751e8b465ee728b)
Start importing Assets/Scripts/Enemy.cs using Guid(a0569c4786faa384083b4045a2c9e97a) Importer(815301076,1909f56bfc062723c751e8b465ee728b)  -> (artifact id: '9f0be0d51a10fabf1d4f13a94929b1e2') in 0.002076 seconds 
========================================================================
Received Import Request.
  Time since last request: 1.122862 seconds.
  path: Assets/Scripts/GameManager.cs
  artifactKey: Guid(6aa05c4c984ea344aa62935f69575dd1) Importer(815301076,1909f56bfc062723c751e8b465ee728b)
Start importing Assets/Scripts/GameManager.cs using Guid(6aa05c4c984ea344aa62935f69575dd1) Importer(815301076,1909f56bfc062723c751e8b465ee728b)  -> (artifact id: 'c617ffb6cfaaf79c513d88a980ca306d') in 0.002539 seconds 
========================================================================
Received Import Request.
  Time since last request: 4.426343 seconds.
  path: Assets/Scripts/LevelManager.cs
  artifactKey: Guid(f7b2d551314358f4ea49ca8cce3ce51c) Importer(815301076,1909f56bfc062723c751e8b465ee728b)
Start importing Assets/Scripts/LevelManager.cs using Guid(f7b2d551314358f4ea49ca8cce3ce51c) Importer(815301076,1909f56bfc062723c751e8b465ee728b)  -> (artifact id: '9890d888af16ab8704b0362fcc06d08a') in 0.002461 seconds 
========================================================================
Received Import Request.
  Time since last request: 0.554661 seconds.
  path: Assets/Scripts/Shot.cs
  artifactKey: Guid(00ea3c1d897f26f4f8e025812f78ecfa) Importer(815301076,1909f56bfc062723c751e8b465ee728b)
Start importing Assets/Scripts/Shot.cs using Guid(00ea3c1d897f26f4f8e025812f78ecfa) Importer(815301076,1909f56bfc062723c751e8b465ee728b)  -> (artifact id: '59187c16a7dbead01358298179644006') in 0.002416 seconds 
========================================================================
Received Import Request.
  Time since last request: 0.620937 seconds.
  path: Assets/Scripts/sfxManager.cs
  artifactKey: Guid(56edfff090af627418b8eb3980e8836a) Importer(815301076,1909f56bfc062723c751e8b465ee728b)
Start importing Assets/Scripts/sfxManager.cs using Guid(56edfff090af627418b8eb3980e8836a) Importer(815301076,1909f56bfc062723c751e8b465ee728b)  -> (artifact id: '795d13721bc892e1236812717be8c331') in 0.002056 seconds 
========================================================================
Received Prepare
Registering precompiled user dll's ...
Registered in 0.001938 seconds.
Begin MonoManager ReloadAssembly
Native extension for WindowsStandalone target not found
Native extension for OSXStandalone target not found
Refreshing native plugins compatible for Editor in 0.52 ms, found 2 plugins.
Preloading 0 native plugins for Editor in 0.00 ms.
Mono: successfully reloaded assembly
- Completed reload, in  3.756 seconds
Domain Reload Profiling:
	ReloadAssembly (3759ms)
		BeginReloadAssembly (1010ms)
			ExecutionOrderSort (0ms)
			DisableScriptedObjects (83ms)
			BackupInstance (0ms)
			ReleaseScriptingObjects (1ms)
			CreateAndSetChildDomain (458ms)
		EndReloadAssembly (2324ms)
			LoadAssemblies (462ms)
			RebuildTransferFunctionScriptingTraits (0ms)
			SetupTypeCache (933ms)
			ReleaseScriptCaches (2ms)
			RebuildScriptCaches (142ms)
			SetupLoadedEditorAssemblies (885ms)
				LogAssemblyErrors (0ms)
				InitializePlatformSupportModulesInManaged (33ms)
				SetLoadedEditorAssemblies (2ms)
				RefreshPlugins (1ms)
				BeforeProcessingInitializeOnLoad (114ms)
				ProcessInitializeOnLoadAttributes (633ms)
				ProcessInitializeOnLoadMethodAttributes (95ms)
				AfterProcessingInitializeOnLoad (7ms)
				EditorAssembliesLoaded (0ms)
			ExecutionOrderSort2 (0ms)
			AwakeInstancesAfterBackupRestoration (11ms)
Platform modules already initialized, skipping
Refreshing native plugins compatible for Editor in 2.99 ms, found 2 plugins.
Preloading 0 native plugins for Editor in 0.00 ms.
Unloading 1787 Unused Serialized files (Serialized files now loaded: 0)
Unloading 12 unused Assets / (21.9 KB). Loaded Objects now: 2276.
Memory consumption went from 127.6 MB to 127.6 MB.
Total: 7.672190 ms (FindLiveObjects: 0.305041 ms CreateObjectMapping: 0.178637 ms MarkObjects: 7.116434 ms  DeleteObjects: 0.069608 ms)

AssetImportParameters requested are different than current active one (requested -> active):
  custom:video-decoder-ogg-theora: a1e56fd34408186e4bbccfd4996cb3dc -> 
  custom:container-muxer-webm: aa71ff27fc2769a1b78a27578f13a17b -> 
  custom:container-demuxer-webm: 4f35f7cbe854078d1ac9338744f61a02 -> 
  custom:video-encoder-webm-vp8: eb34c28f22e8b96e1ab97ce403110664 -> 
  custom:framework-osx-AVFoundation: e770b220cccbd017edd2c1fefb359320 -> 
  custom:audio-encoder-webm-vorbis: bf7c407c2cedff20999df2af8eb42d56 -> 
  custom:container-demuxer-ogg: 62fdf1f143b41e24485cea50d1cbac27 -> 
  custom:video-decoder-webm-vp8: 9c59270c3fd7afecdb556c50c9e8de78 -> 
  custom:audio-decoder-ogg-vorbis: bf7c407c2cedff20999df2af8eb42d56 -> 
========================================================================
Received Import Request.
  Time since last request: 1948.096698 seconds.
  path: Assets/Scripts/Scroll.cs
  artifactKey: Guid(0c49fad25868bea4db32f5567556ed82) Importer(815301076,1909f56bfc062723c751e8b465ee728b)
Start importing Assets/Scripts/Scroll.cs using Guid(0c49fad25868bea4db32f5567556ed82) Importer(815301076,1909f56bfc062723c751e8b465ee728b)  -> (artifact id: '204169e180997d331f834b558cf62d80') in 0.304540 seconds 
========================================================================
Received Import Request.
  Time since last request: 1.442265 seconds.
  path: Assets/Scripts/Save.cs
  artifactKey: Guid(1b4758b057d6dc8499531caa60a6dfd1) Importer(815301076,1909f56bfc062723c751e8b465ee728b)
Start importing Assets/Scripts/Save.cs using Guid(1b4758b057d6dc8499531caa60a6dfd1) Importer(815301076,1909f56bfc062723c751e8b465ee728b)  -> (artifact id: '825bcb1c5938fe2a0faec790257b74f0') in 0.003280 seconds 
========================================================================
Received Import Request.
  Time since last request: 5.713644 seconds.
  path: Assets/Scripts/PlayerHealthUI.cs
  artifactKey: Guid(4546ffd1d43d4fd488aab5e21abe35f9) Importer(815301076,1909f56bfc062723c751e8b465ee728b)
Start importing Assets/Scripts/PlayerHealthUI.cs using Guid(4546ffd1d43d4fd488aab5e21abe35f9) Importer(815301076,1909f56bfc062723c751e8b465ee728b)  -> (artifact id: 'd961e89a1108d333cff7c40247cdc333') in 0.020866 seconds 
========================================================================
Received Import Request.
  Time since last request: 1.726864 seconds.
  path: Assets/Scripts/PlayerHealth.cs
  artifactKey: Guid(9055bfd7ba98cda40a24f7bbe553926b) Importer(815301076,1909f56bfc062723c751e8b465ee728b)
Start importing Assets/Scripts/PlayerHealth.cs using Guid(9055bfd7ba98cda40a24f7bbe553926b) Importer(815301076,1909f56bfc062723c751e8b465ee728b)  -> (artifact id: '6340078565fc5d99623802f7d49308f5') in 0.003244 seconds 
========================================================================
Received Import Request.
  Time since last request: 1.098322 seconds.
  path: Assets/Scripts/PlayerController.cs
  artifactKey: Guid(d476ac02c77fdcd42b645abdbd19af08) Importer(815301076,1909f56bfc062723c751e8b465ee728b)
Start importing Assets/Scripts/PlayerController.cs using Guid(d476ac02c77fdcd42b645abdbd19af08) Importer(815301076,1909f56bfc062723c751e8b465ee728b)  -> (artifact id: '4019acdf2b53b40a5c832c187b307c2e') in 0.003639 seconds 
